#
# A fatal error has been detected by the Java Runtime Environment:
#
#  Internal Error (javaClasses.cpp:129), pid=31722, tid=140655383611136
#  fatal error: Invalid layout of preloaded class
#
# JRE version: 6.0_30-b30
# Java VM: OpenJDK 64-Bit Server VM (23.25-b01 mixed mode linux-amd64 compressed oops)
# Failed to write core dump. Core dumps have been disabled. To enable core dumping, try "ulimit -c unlimited" before starting Java again
#
# If you would like to submit a bug report, please include
# instructions how to reproduce the bug and visit:
#   https://bugs.launchpad.net/ubuntu/+source/openjdk-6/
#

---------------  T H R E A D  ---------------

Current thread (0x00007fecdc009800):  JavaThread "Unknown thread" [_thread_in_vm, id=31723, stack(0x00007fece21d0000,0x00007fece22d1000)]

Stack: [0x00007fece21d0000,0x00007fece22d1000],  sp=0x00007fece22cf940,  free space=1022k
Native frames: (J=compiled Java code, j=interpreted, Vv=VM code, C=native code)
V  [libjvm.so+0x83c569]  VMError::report_and_die()+0x169
V  [libjvm.so+0x3e63a3]  report_fatal(char const*, int, char const*)+0x53
V  [libjvm.so+0x51bd63]  compute_offset(int&, klassOopDesc*, Symbol*, Symbol*, bool)+0x123
V  [libjvm.so+0x51bff1]  java_lang_String::compute_offsets()+0x41
V  [libjvm.so+0x7cb74d]  SystemDictionary::initialize_preloaded_classes(Thread*)+0x3d
V  [libjvm.so+0x818a13]  Universe::genesis(Thread*)+0x443
V  [libjvm.so+0x818ec2]  universe2_init()+0x32
V  [libjvm.so+0x4cfd2a]  init_globals()+0x9a
V  [libjvm.so+0x7fed5c]  Threads::create_vm(JavaVMInitArgs*, bool*)+0x39c
V  [libjvm.so+0x53961a]  JNI_CreateJavaVM+0x5a
C  [java+0x355e]  JavaMain+0x7e


---------------  P R O C E S S  ---------------

Java Threads: ( => current thread )

Other Threads:

=>0x00007fecdc009800 (exited) JavaThread "Unknown thread" [_thread_in_vm, id=31723, stack(0x00007fece21d0000,0x00007fece22d1000)]

VM state:not at safepoint (not fully initialized)

VM Mutex/Monitor currently owned by a thread: None

GC Heap History (0 events):
No events

Deoptimization events (0 events):
No events

Internal exceptions (0 events):
No events

Events (10 events):
Event: 0.007 loading class 0x00007fecdc032bf0 done
Event: 0.008 loading class 0x00007fecdc032490 done
Event: 0.008 loading class 0x00007fecdc032460
Event: 0.008 loading class 0x00007fecdc07a8e0
Event: 0.008 loading class 0x00007fecdc07a8e0 done
Event: 0.008 loading class 0x00007fecdc07a920
Event: 0.008 loading class 0x00007fecdc07a920 done
Event: 0.008 loading class 0x00007fecdc07a960
Event: 0.008 loading class 0x00007fecdc07a960 done
Event: 0.008 loading class 0x00007fecdc032460 done


Dynamic libraries:
00400000-00409000 r-xp 00000000 08:06 1184563                            /usr/lib/jvm/java-6-openjdk-amd64/jre/bin/java
00608000-00609000 r--p 00008000 08:06 1184563                            /usr/lib/jvm/java-6-openjdk-amd64/jre/bin/java
00609000-0060a000 rw-p 00009000 08:06 1184563                            /usr/lib/jvm/java-6-openjdk-amd64/jre/bin/java
0125e000-0127f000 rw-p 00000000 00:00 0                                  [heap]
77b000000-77c4c0000 rw-p 00000000 00:00 0 
77c4c0000-785600000 rw-p 00000000 00:00 0 
785600000-78a7c0000 rw-p 00000000 00:00 0 
78a7c0000-7d7200000 rw-p 00000000 00:00 0 
7d7200000-7d9ad0000 rw-p 00000000 00:00 0 
7d9ad0000-800000000 rw-p 00000000 00:00 0 
7feca7d80000-7fecac000000 rw-p 00000000 00:00 0 
7fecac000000-7fecac021000 rw-p 00000000 00:00 0 
7fecac021000-7fecb0000000 ---p 00000000 00:00 0 
7fecb0000000-7fecb0021000 rw-p 00000000 00:00 0 
7fecb0021000-7fecb4000000 ---p 00000000 00:00 0 
7fecb4000000-7fecb4021000 rw-p 00000000 00:00 0 
7fecb4021000-7fecb8000000 ---p 00000000 00:00 0 
7fecb8000000-7fecb8021000 rw-p 00000000 00:00 0 
7fecb8021000-7fecbc000000 ---p 00000000 00:00 0 
7fecc0000000-7fecc0021000 rw-p 00000000 00:00 0 
7fecc0021000-7fecc4000000 ---p 00000000 00:00 0 
7fecc8000000-7fecc8021000 rw-p 00000000 00:00 0 
7fecc8021000-7feccc000000 ---p 00000000 00:00 0 
7feccc000000-7feccc021000 rw-p 00000000 00:00 0 
7feccc021000-7fecd0000000 ---p 00000000 00:00 0 
7fecd0000000-7fecd0021000 rw-p 00000000 00:00 0 
7fecd0021000-7fecd4000000 ---p 00000000 00:00 0 
7fecd5cc6000-7fecd5ec3000 rw-p 00000000 00:00 0 
7fecd5ec3000-7fecd5f9a000 r--s 013fe000 08:06 12588602                   /home/ckoryom/Development/Android/adt-bundle-linux-x86_64-20131030/sdk/platforms/android-19/android.jar
7fecd5f9a000-7fecd7062000 rw-p 00000000 00:00 0 
7fecd7062000-7fecd7063000 ---p 00000000 00:00 0 
7fecd7063000-7fecd7163000 rw-p 00000000 00:00 0                          [stack:31732]
7fecd7163000-7fecd7164000 ---p 00000000 00:00 0 
7fecd7164000-7fecd7264000 rw-p 00000000 00:00 0                          [stack:31731]
7fecd7264000-7fecd7265000 ---p 00000000 00:00 0 
7fecd7265000-7fecd7365000 rw-p 00000000 00:00 0                          [stack:31729]
7fecd7365000-7fecd7366000 ---p 00000000 00:00 0 
7fecd7366000-7fecd7466000 rw-p 00000000 00:00 0                          [stack:31728]
7fecd7466000-7fecd7467000 ---p 00000000 00:00 0 
7fecd7467000-7fecd7567000 rw-p 00000000 00:00 0                          [stack:31727]
7fecd7567000-7fecd7568000 ---p 00000000 00:00 0 
7fecd7568000-7fecd7668000 rw-p 00000000 00:00 0                          [stack:31726]
7fecd7668000-7fecd7669000 ---p 00000000 00:00 0 
7fecd7669000-7fecd7769000 rw-p 00000000 00:00 0                          [stack:31725]
7fecd7769000-7fecd776a000 ---p 00000000 00:00 0 
7fecd776a000-7fecd7875000 rw-p 00000000 00:00 0                          [stack:31724]
7fecd7875000-7fecd78bd000 rw-p 00000000 00:00 0 
7fecd78bd000-7fecd78e6000 rw-p 00000000 00:00 0 
7fecd78e6000-7fecd7b4b000 rw-p 00000000 00:00 0 
7fecd7b4b000-7fecd7b56000 rw-p 00000000 00:00 0 
7fecd7b56000-7fecd7b9e000 rw-p 00000000 00:00 0 
7fecd7b9e000-7fecd7bc7000 rw-p 00000000 00:00 0 
7fecd7bc7000-7fecd7e2c000 rw-p 00000000 00:00 0 
7fecd7e2c000-7fecd7e41000 rw-p 00000000 00:00 0 
7fecd7e41000-7fecd7f73000 rw-p 00000000 00:00 0 
7fecd7f73000-7fecd7f74000 rw-p 00000000 00:00 0 
7fecd7f74000-7fecd81e4000 rwxp 00000000 00:00 0 
7fecd81e4000-7fecdaf74000 rw-p 00000000 00:00 0 
7fecdaf74000-7fecdaf7b000 r-xp 00000000 08:06 1184590                    /usr/lib/jvm/java-6-openjdk-amd64/jre/lib/amd64/libzip.so
7fecdaf7b000-7fecdb17a000 ---p 00007000 08:06 1184590                    /usr/lib/jvm/java-6-openjdk-amd64/jre/lib/amd64/libzip.so
7fecdb17a000-7fecdb17b000 r--p 00006000 08:06 1184590                    /usr/lib/jvm/java-6-openjdk-amd64/jre/lib/amd64/libzip.so
7fecdb17b000-7fecdb17c000 rw-p 00007000 08:06 1184590                    /usr/lib/jvm/java-6-openjdk-amd64/jre/lib/amd64/libzip.so
7fecdb17c000-7fecdb188000 r-xp 00000000 08:06 266716                     /lib/x86_64-linux-gnu/libnss_files-2.15.so
7fecdb188000-7fecdb387000 ---p 0000c000 08:06 266716                     /lib/x86_64-linux-gnu/libnss_files-2.15.so
7fecdb387000-7fecdb388000 r--p 0000b000 08:06 266716                     /lib/x86_64-linux-gnu/libnss_files-2.15.so
7fecdb388000-7fecdb389000 rw-p 0000c000 08:06 266716                     /lib/x86_64-linux-gnu/libnss_files-2.15.so
7fecdb389000-7fecdb393000 r-xp 00000000 08:06 266720                     /lib/x86_64-linux-gnu/libnss_nis-2.15.so
7fecdb393000-7fecdb593000 ---p 0000a000 08:06 266720                     /lib/x86_64-linux-gnu/libnss_nis-2.15.so
7fecdb593000-7fecdb594000 r--p 0000a000 08:06 266720                     /lib/x86_64-linux-gnu/libnss_nis-2.15.so
7fecdb594000-7fecdb595000 rw-p 0000b000 08:06 266720                     /lib/x86_64-linux-gnu/libnss_nis-2.15.so
7fecdb595000-7fecdb5ac000 r-xp 00000000 08:06 266732                     /lib/x86_64-linux-gnu/libnsl-2.15.so
7fecdb5ac000-7fecdb7ab000 ---p 00017000 08:06 266732                     /lib/x86_64-linux-gnu/libnsl-2.15.so
7fecdb7ab000-7fecdb7ac000 r--p 00016000 08:06 266732                     /lib/x86_64-linux-gnu/libnsl-2.15.so
7fecdb7ac000-7fecdb7ad000 rw-p 00017000 08:06 266732                     /lib/x86_64-linux-gnu/libnsl-2.15.so
7fecdb7ad000-7fecdb7af000 rw-p 00000000 00:00 0 
7fecdb7af000-7fecdb7b7000 r-xp 00000000 08:06 266714                     /lib/x86_64-linux-gnu/libnss_compat-2.15.so
7fecdb7b7000-7fecdb9b6000 ---p 00008000 08:06 266714                     /lib/x86_64-linux-gnu/libnss_compat-2.15.so
7fecdb9b6000-7fecdb9b7000 r--p 00007000 08:06 266714                     /lib/x86_64-linux-gnu/libnss_compat-2.15.so
7fecdb9b7000-7fecdb9b8000 rw-p 00008000 08:06 266714                     /lib/x86_64-linux-gnu/libnss_compat-2.15.so
7fecdb9b8000-7fecdb9e5000 r-xp 00000000 08:06 1184587                    /usr/lib/jvm/java-6-openjdk-amd64/jre/lib/amd64/libjava.so
7fecdb9e5000-7fecdbbe4000 ---p 0002d000 08:06 1184587                    /usr/lib/jvm/java-6-openjdk-amd64/jre/lib/amd64/libjava.so
7fecdbbe4000-7fecdbbe5000 r--p 0002c000 08:06 1184587                    /usr/lib/jvm/java-6-openjdk-amd64/jre/lib/amd64/libjava.so
7fecdbbe5000-7fecdbbe8000 rw-p 0002d000 08:06 1184587                    /usr/lib/jvm/java-6-openjdk-amd64/jre/lib/amd64/libjava.so
7fecdbbe8000-7fecdbbf6000 r-xp 00000000 08:06 1184664                    /usr/lib/jvm/java-6-openjdk-amd64/jre/lib/amd64/libverify.so
7fecdbbf6000-7fecdbdf5000 ---p 0000e000 08:06 1184664                    /usr/lib/jvm/java-6-openjdk-amd64/jre/lib/amd64/libverify.so
7fecdbdf5000-7fecdbdf7000 r--p 0000d000 08:06 1184664                    /usr/lib/jvm/java-6-openjdk-amd64/jre/lib/amd64/libverify.so
7fecdbdf7000-7fecdbdf8000 rw-p 0000f000 08:06 1184664                    /usr/lib/jvm/java-6-openjdk-amd64/jre/lib/amd64/libverify.so
7fecdbdf8000-7fecdbdff000 r-xp 00000000 08:06 266719                     /lib/x86_64-linux-gnu/librt-2.15.so
7fecdbdff000-7fecdbffe000 ---p 00007000 08:06 266719                     /lib/x86_64-linux-gnu/librt-2.15.so
7fecdbffe000-7fecdbfff000 r--p 00006000 08:06 266719                     /lib/x86_64-linux-gnu/librt-2.15.so
7fecdbfff000-7fecdc000000 rw-p 00007000 08:06 266719                     /lib/x86_64-linux-gnu/librt-2.15.so
7fecdc000000-7fecdc080000 rw-p 00000000 00:00 0 
7fecdc080000-7fece0000000 ---p 00000000 00:00 0 
7fece0026000-7fece003b000 r-xp 00000000 08:06 265911                     /lib/x86_64-linux-gnu/libgcc_s.so.1
7fece003b000-7fece023a000 ---p 00015000 08:06 265911                     /lib/x86_64-linux-gnu/libgcc_s.so.1
7fece023a000-7fece023b000 r--p 00014000 08:06 265911                     /lib/x86_64-linux-gnu/libgcc_s.so.1
7fece023b000-7fece023c000 rw-p 00015000 08:06 265911                     /lib/x86_64-linux-gnu/libgcc_s.so.1
7fece023c000-7fece0337000 r-xp 00000000 08:06 266723                     /lib/x86_64-linux-gnu/libm-2.15.so
7fece0337000-7fece0536000 ---p 000fb000 08:06 266723                     /lib/x86_64-linux-gnu/libm-2.15.so
7fece0536000-7fece0537000 r--p 000fa000 08:06 266723                     /lib/x86_64-linux-gnu/libm-2.15.so
7fece0537000-7fece0538000 rw-p 000fb000 08:06 266723                     /lib/x86_64-linux-gnu/libm-2.15.so
7fece0538000-7fece061a000 r-xp 00000000 08:06 27139551                   /usr/lib/x86_64-linux-gnu/libstdc++.so.6.0.16
7fece061a000-7fece0819000 ---p 000e2000 08:06 27139551                   /usr/lib/x86_64-linux-gnu/libstdc++.so.6.0.16
7fece0819000-7fece0821000 r--p 000e1000 08:06 27139551                   /usr/lib/x86_64-linux-gnu/libstdc++.so.6.0.16
7fece0821000-7fece0823000 rw-p 000e9000 08:06 27139551                   /usr/lib/x86_64-linux-gnu/libstdc++.so.6.0.16
7fece0823000-7fece0838000 rw-p 00000000 00:00 0 
7fece0838000-7fece120d000 r-xp 00000000 08:06 1184618                    /usr/lib/jvm/java-6-openjdk-amd64/jre/lib/amd64/server/libjvm.so
7fece120d000-7fece140d000 ---p 009d5000 08:06 1184618                    /usr/lib/jvm/java-6-openjdk-amd64/jre/lib/amd64/server/libjvm.so
7fece140d000-7fece148c000 r--p 009d5000 08:06 1184618                    /usr/lib/jvm/java-6-openjdk-amd64/jre/lib/amd64/server/libjvm.so
7fece148c000-7fece14af000 rw-p 00a54000 08:06 1184618                    /usr/lib/jvm/java-6-openjdk-amd64/jre/lib/amd64/server/libjvm.so
7fece14af000-7fece14d9000 rw-p 00000000 00:00 0 
7fece14d9000-7fece14ef000 r-xp 00000000 08:06 266001                     /lib/x86_64-linux-gnu/libz.so.1.2.3.4
7fece14ef000-7fece16ee000 ---p 00016000 08:06 266001                     /lib/x86_64-linux-gnu/libz.so.1.2.3.4
7fece16ee000-7fece16ef000 r--p 00015000 08:06 266001                     /lib/x86_64-linux-gnu/libz.so.1.2.3.4
7fece16ef000-7fece16f0000 rw-p 00016000 08:06 266001                     /lib/x86_64-linux-gnu/libz.so.1.2.3.4
7fece16f0000-7fece18a5000 r-xp 00000000 08:06 266712                     /lib/x86_64-linux-gnu/libc-2.15.so
7fece18a5000-7fece1aa5000 ---p 001b5000 08:06 266712                     /lib/x86_64-linux-gnu/libc-2.15.so
7fece1aa5000-7fece1aa9000 r--p 001b5000 08:06 266712                     /lib/x86_64-linux-gnu/libc-2.15.so
7fece1aa9000-7fece1aab000 rw-p 001b9000 08:06 266712                     /lib/x86_64-linux-gnu/libc-2.15.so
7fece1aab000-7fece1ab0000 rw-p 00000000 00:00 0 
7fece1ab0000-7fece1ab2000 r-xp 00000000 08:06 266727                     /lib/x86_64-linux-gnu/libdl-2.15.so
7fece1ab2000-7fece1cb2000 ---p 00002000 08:06 266727                     /lib/x86_64-linux-gnu/libdl-2.15.so
7fece1cb2000-7fece1cb3000 r--p 00002000 08:06 266727                     /lib/x86_64-linux-gnu/libdl-2.15.so
7fece1cb3000-7fece1cb4000 rw-p 00003000 08:06 266727                     /lib/x86_64-linux-gnu/libdl-2.15.so
7fece1cb4000-7fece1cb8000 r-xp 00000000 08:06 1184633                    /usr/lib/jvm/java-6-openjdk-amd64/jre/lib/amd64/jli/libjli.so
7fece1cb8000-7fece1eb7000 ---p 00004000 08:06 1184633                    /usr/lib/jvm/java-6-openjdk-amd64/jre/lib/amd64/jli/libjli.so
7fece1eb7000-7fece1eb8000 r--p 00003000 08:06 1184633                    /usr/lib/jvm/java-6-openjdk-amd64/jre/lib/amd64/jli/libjli.so
7fece1eb8000-7fece1eb9000 rw-p 00004000 08:06 1184633                    /usr/lib/jvm/java-6-openjdk-amd64/jre/lib/amd64/jli/libjli.so
7fece1eb9000-7fece1ed1000 r-xp 00000000 08:06 266721                     /lib/x86_64-linux-gnu/libpthread-2.15.so
7fece1ed1000-7fece20d0000 ---p 00018000 08:06 266721                     /lib/x86_64-linux-gnu/libpthread-2.15.so
7fece20d0000-7fece20d1000 r--p 00017000 08:06 266721                     /lib/x86_64-linux-gnu/libpthread-2.15.so
7fece20d1000-7fece20d2000 rw-p 00018000 08:06 266721                     /lib/x86_64-linux-gnu/libpthread-2.15.so
7fece20d2000-7fece20d6000 rw-p 00000000 00:00 0 
7fece20d6000-7fece20f8000 r-xp 00000000 08:06 266724                     /lib/x86_64-linux-gnu/ld-2.15.so
7fece2110000-7fece211a000 rw-p 00000000 00:00 0 
7fece211a000-7fece21d0000 rw-p 00000000 00:00 0 
7fece21d0000-7fece21d3000 ---p 00000000 00:00 0 
7fece21d3000-7fece22d6000 rw-p 00000000 00:00 0                          [stack:31723]
7fece22eb000-7fece22ec000 rw-p 00000000 00:00 0 
7fece22ec000-7fece22f4000 rw-s 00000000 08:06 16646174                   /tmp/hsperfdata_ckoryom/31722
7fece22f4000-7fece22f5000 rw-p 00000000 00:00 0 
7fece22f5000-7fece22f6000 r--p 00000000 00:00 0 
7fece22f6000-7fece22f8000 rw-p 00000000 00:00 0 
7fece22f8000-7fece22f9000 r--p 00022000 08:06 266724                     /lib/x86_64-linux-gnu/ld-2.15.so
7fece22f9000-7fece22fb000 rw-p 00023000 08:06 266724                     /lib/x86_64-linux-gnu/ld-2.15.so
7fff1d309000-7fff1d32a000 rw-p 00000000 00:00 0                          [stack]
7fff1d3e9000-7fff1d3eb000 r-xp 00000000 00:00 0                          [vdso]
ffffffffff600000-ffffffffff601000 r-xp 00000000 00:00 0                  [vsyscall]

VM Arguments:
jvm_args: -Dfile.encoding=UTF-8 -Xbootclasspath:/home/ckoryom/Development/Android/adt-bundle-linux-x86_64-20131030/sdk/platforms/android-19/android.jar 
java_command: org.eclipse.jdt.internal.junit.runner.RemoteTestRunner -version 3 -port 58903 -testLoaderClass org.eclipse.jdt.internal.junit.runner.junit3.JUnit3TestLoader -loaderpluginname org.eclipse.jdt.junit.runtime -classNames com.project.unibibliotek.tests.WebServiceTest
Launcher Type: SUN_STANDARD

Environment Variables:
JAVA_HOME=/usr/lib/jvm/java-7-openjdk-amd64
PATH=/usr/lib/lightdm/lightdm:/usr/local/sbin:/usr/local/bin:/usr/sbin:/usr/bin:/sbin:/bin:/usr/games:/home/ckoryom/bin:/usr/lib/jvm/java-7-openjdk-amd64/bin
LD_LIBRARY_PATH=/usr/lib/jvm/java-6-openjdk-amd64/jre/lib/amd64/server:/usr/lib/jvm/java-6-openjdk-amd64/jre/lib/amd64:/usr/lib/jvm/java-6-openjdk-amd64/jre/../lib/amd64
SHELL=/bin/bash
DISPLAY=:0.0

Signal Handlers:
SIGSEGV: [libjvm.so+0x83cfe0], sa_mask[0]=0x7ffbfeff, sa_flags=0x10000004
SIGBUS: [libjvm.so+0x83cfe0], sa_mask[0]=0x7ffbfeff, sa_flags=0x10000004
SIGFPE: [libjvm.so+0x6dddf0], sa_mask[0]=0x7ffbfeff, sa_flags=0x10000004
SIGPIPE: [libjvm.so+0x6dddf0], sa_mask[0]=0x7ffbfeff, sa_flags=0x10000004
SIGXFSZ: [libjvm.so+0x6dddf0], sa_mask[0]=0x7ffbfeff, sa_flags=0x10000004
SIGILL: [libjvm.so+0x6dddf0], sa_mask[0]=0x7ffbfeff, sa_flags=0x10000004
SIGUSR1: SIG_DFL, sa_mask[0]=0x00000000, sa_flags=0x00000000
SIGUSR2: [libjvm.so+0x6de230], sa_mask[0]=0x00000004, sa_flags=0x10000004
SIGHUP: SIG_DFL, sa_mask[0]=0x00000000, sa_flags=0x00000000
SIGINT: SIG_DFL, sa_mask[0]=0x00000000, sa_flags=0x00000000
SIGTERM: SIG_DFL, sa_mask[0]=0x00000000, sa_flags=0x00000000
SIGQUIT: SIG_DFL, sa_mask[0]=0x00000000, sa_flags=0x00000000


---------------  S Y S T E M  ---------------

OS:Ubuntu 12.04 (precise)
uname:Linux 3.8.0-37-generic #53~precise1-Ubuntu SMP Wed Feb 19 21:37:54 UTC 2014 x86_64
libc:glibc 2.15 NPTL 2.15 
rlimit: STACK 8192k, CORE 0k, NPROC 62141, NOFILE 4096, AS infinity
load average:0.53 0.49 0.55

/proc/meminfo:
MemTotal:        8029524 kB
MemFree:         1105744 kB
Buffers:          123816 kB
Cached:          4062856 kB
SwapCached:            0 kB
Active:          3706936 kB
Inactive:        2862500 kB
Active(anon):    2384904 kB
Inactive(anon):    26528 kB
Active(file):    1322032 kB
Inactive(file):  2835972 kB
Unevictable:          16 kB
Mlocked:              16 kB
SwapTotal:       8240124 kB
SwapFree:        8240124 kB
Dirty:              2676 kB
Writeback:             0 kB
AnonPages:       2383888 kB
Mapped:           309772 kB
Shmem:             28088 kB
Slab:             153464 kB
SReclaimable:     108540 kB
SUnreclaim:        44924 kB
KernelStack:        6168 kB
PageTables:        53944 kB
NFS_Unstable:          0 kB
Bounce:                0 kB
WritebackTmp:          0 kB
CommitLimit:    12254884 kB
Committed_AS:    7148252 kB
VmallocTotal:   34359738367 kB
VmallocUsed:      462660 kB
VmallocChunk:   34359269884 kB
HardwareCorrupted:     0 kB
AnonHugePages:         0 kB
HugePages_Total:       0
HugePages_Free:        0
HugePages_Rsvd:        0
HugePages_Surp:        0
Hugepagesize:       2048 kB
DirectMap4k:      223232 kB
DirectMap2M:     8073216 kB


CPU:total 8 (4 cores per cpu, 2 threads per core) family 6 model 58 stepping 9, cmov, cx8, fxsr, mmx, sse, sse2, sse3, ssse3, sse4.1, sse4.2, popcnt, avx, ht, tsc, tscinvbit, tscinv

/proc/cpuinfo:
processor	: 0
vendor_id	: GenuineIntel
cpu family	: 6
model		: 58
model name	: Intel(R) Core(TM) i7-3632QM CPU @ 2.20GHz
stepping	: 9
microcode	: 0x15
cpu MHz		: 2201.000
cache size	: 6144 KB
physical id	: 0
siblings	: 8
core id		: 0
cpu cores	: 4
apicid		: 0
initial apicid	: 0
fpu		: yes
fpu_exception	: yes
cpuid level	: 13
wp		: yes
flags		: fpu vme de pse tsc msr pae mce cx8 apic sep mtrr pge mca cmov pat pse36 clflush dts acpi mmx fxsr sse sse2 ss ht tm pbe syscall nx rdtscp lm constant_tsc arch_perfmon pebs bts rep_good nopl xtopology nonstop_tsc aperfmperf eagerfpu pni pclmulqdq dtes64 monitor ds_cpl vmx est tm2 ssse3 cx16 xtpr pdcm pcid sse4_1 sse4_2 x2apic popcnt tsc_deadline_timer aes xsave avx f16c rdrand lahf_lm ida arat epb xsaveopt pln pts dtherm tpr_shadow vnmi flexpriority ept vpid fsgsbase smep erms
bogomips	: 4390.42
clflush size	: 64
cache_alignment	: 64
address sizes	: 36 bits physical, 48 bits virtual
power management:

processor	: 1
vendor_id	: GenuineIntel
cpu family	: 6
model		: 58
model name	: Intel(R) Core(TM) i7-3632QM CPU @ 2.20GHz
stepping	: 9
microcode	: 0x15
cpu MHz		: 1200.000
cache size	: 6144 KB
physical id	: 0
siblings	: 8
core id		: 0
cpu cores	: 4
apicid		: 1
initial apicid	: 1
fpu		: yes
fpu_exception	: yes
cpuid level	: 13
wp		: yes
flags		: fpu vme de pse tsc msr pae mce cx8 apic sep mtrr pge mca cmov pat pse36 clflush dts acpi mmx fxsr sse sse2 ss ht tm pbe syscall nx rdtscp lm constant_tsc arch_perfmon pebs bts rep_good nopl xtopology nonstop_tsc aperfmperf eagerfpu pni pclmulqdq dtes64 monitor ds_cpl vmx est tm2 ssse3 cx16 xtpr pdcm pcid sse4_1 sse4_2 x2apic popcnt tsc_deadline_timer aes xsave avx f16c rdrand lahf_lm ida arat epb xsaveopt pln pts dtherm tpr_shadow vnmi flexpriority ept vpid fsgsbase smep erms
bogomips	: 4390.42
clflush size	: 64
cache_alignment	: 64
address sizes	: 36 bits physical, 48 bits virtual
power management:

processor	: 2
vendor_id	: GenuineIntel
cpu family	: 6
model		: 58
model name	: Intel(R) Core(TM) i7-3632QM CPU @ 2.20GHz
stepping	: 9
microcode	: 0x15
cpu MHz		: 1200.000
cache size	: 6144 KB
physical id	: 0
siblings	: 8
core id		: 1
cpu cores	: 4
apicid		: 2
initial apicid	: 2
fpu		: yes
fpu_exception	: yes
cpuid level	: 13
wp		: yes
flags		: fpu vme de pse tsc msr pae mce cx8 apic sep mtrr pge mca cmov pat pse36 clflush dts acpi mmx fxsr sse sse2 ss ht tm pbe syscall nx rdtscp lm constant_tsc arch_perfmon pebs bts rep_good nopl xtopology nonstop_tsc aperfmperf eagerfpu pni pclmulqdq dtes64 monitor ds_cpl vmx est tm2 ssse3 cx16 xtpr pdcm pcid sse4_1 sse4_2 x2apic popcnt tsc_deadline_timer aes xsave avx f16c rdrand lahf_lm ida arat epb xsaveopt pln pts dtherm tpr_shadow vnmi flexpriority ept vpid fsgsbase smep erms
bogomips	: 4390.42
clflush size	: 64
cache_alignment	: 64
address sizes	: 36 bits physical, 48 bits virtual
power management:

processor	: 3
vendor_id	: GenuineIntel
cpu family	: 6
model		: 58
model name	: Intel(R) Core(TM) i7-3632QM CPU @ 2.20GHz
stepping	: 9
microcode	: 0x15
cpu MHz		: 1200.000
cache size	: 6144 KB
physical id	: 0
siblings	: 8
core id		: 1
cpu cores	: 4
apicid		: 3
initial apicid	: 3
fpu		: yes
fpu_exception	: yes
cpuid level	: 13
wp		: yes
flags		: fpu vme de pse tsc msr pae mce cx8 apic sep mtrr pge mca cmov pat pse36 clflush dts acpi mmx fxsr sse sse2 ss ht tm pbe syscall nx rdtscp lm constant_tsc arch_perfmon pebs bts rep_good nopl xtopology nonstop_tsc aperfmperf eagerfpu pni pclmulqdq dtes64 monitor ds_cpl vmx est tm2 ssse3 cx16 xtpr pdcm pcid sse4_1 sse4_2 x2apic popcnt tsc_deadline_timer aes xsave avx f16c rdrand lahf_lm ida arat epb xsaveopt pln pts dtherm tpr_shadow vnmi flexpriority ept vpid fsgsbase smep erms
bogomips	: 4390.42
clflush size	: 64
cache_alignment	: 64
address sizes	: 36 bits physical, 48 bits virtual
power management:

processor	: 4
vendor_id	: GenuineIntel
cpu family	: 6
model		: 58
model name	: Intel(R) Core(TM) i7-3632QM CPU @ 2.20GHz
stepping	: 9
microcode	: 0x15
cpu MHz		: 1200.000
cache size	: 6144 KB
physical id	: 0
siblings	: 8
core id		: 2
cpu cores	: 4
apicid		: 4
initial apicid	: 4
fpu		: yes
fpu_exception	: yes
cpuid level	: 13
wp		: yes
flags		: fpu vme de pse tsc msr pae mce cx8 apic sep mtrr pge mca cmov pat pse36 clflush dts acpi mmx fxsr sse sse2 ss ht tm pbe syscall nx rdtscp lm constant_tsc arch_perfmon pebs bts rep_good nopl xtopology nonstop_tsc aperfmperf eagerfpu pni pclmulqdq dtes64 monitor ds_cpl vmx est tm2 ssse3 cx16 xtpr pdcm pcid sse4_1 sse4_2 x2apic popcnt tsc_deadline_timer aes xsave avx f16c rdrand lahf_lm ida arat epb xsaveopt pln pts dtherm tpr_shadow vnmi flexpriority ept vpid fsgsbase smep erms
bogomips	: 4390.42
clflush size	: 64
cache_alignment	: 64
address sizes	: 36 bits physical, 48 bits virtual
power management:

processor	: 5
vendor_id	: GenuineIntel
cpu family	: 6
model		: 58
model name	: Intel(R) Core(TM) i7-3632QM CPU @ 2.20GHz
stepping	: 9
microcode	: 0x15
cpu MHz		: 1200.000
cache size	: 6144 KB
physical id	: 0
siblings	: 8
core id		: 2
cpu cores	: 4
apicid		: 5
initial apicid	: 5
fpu		: yes
fpu_exception	: yes
cpuid level	: 13
wp		: yes
flags		: fpu vme de pse tsc msr pae mce cx8 apic sep mtrr pge mca cmov pat pse36 clflush dts acpi mmx fxsr sse sse2 ss ht tm pbe syscall nx rdtscp lm constant_tsc arch_perfmon pebs bts rep_good nopl xtopology nonstop_tsc aperfmperf eagerfpu pni pclmulqdq dtes64 monitor ds_cpl vmx est tm2 ssse3 cx16 xtpr pdcm pcid sse4_1 sse4_2 x2apic popcnt tsc_deadline_timer aes xsave avx f16c rdrand lahf_lm ida arat epb xsaveopt pln pts dtherm tpr_shadow vnmi flexpriority ept vpid fsgsbase smep erms
bogomips	: 4390.42
clflush size	: 64
cache_alignment	: 64
address sizes	: 36 bits physical, 48 bits virtual
power management:

processor	: 6
vendor_id	: GenuineIntel
cpu family	: 6
model		: 58
model name	: Intel(R) Core(TM) i7-3632QM CPU @ 2.20GHz
stepping	: 9
microcode	: 0x15
cpu MHz		: 2201.000
cache size	: 6144 KB
physical id	: 0
siblings	: 8
core id		: 3
cpu cores	: 4
apicid		: 6
initial apicid	: 6
fpu		: yes
fpu_exception	: yes
cpuid level	: 13
wp		: yes
flags		: fpu vme de pse tsc msr pae mce cx8 apic sep mtrr pge mca cmov pat pse36 clflush dts acpi mmx fxsr sse sse2 ss ht tm pbe syscall nx rdtscp lm constant_tsc arch_perfmon pebs bts rep_good nopl xtopology nonstop_tsc aperfmperf eagerfpu pni pclmulqdq dtes64 monitor ds_cpl vmx est tm2 ssse3 cx16 xtpr pdcm pcid sse4_1 sse4_2 x2apic popcnt tsc_deadline_timer aes xsave avx f16c rdrand lahf_lm ida arat epb xsaveopt pln pts dtherm tpr_shadow vnmi flexpriority ept vpid fsgsbase smep erms
bogomips	: 4390.42
clflush size	: 64
cache_alignment	: 64
address sizes	: 36 bits physical, 48 bits virtual
power management:

processor	: 7
vendor_id	: GenuineIntel
cpu family	: 6
model		: 58
model name	: Intel(R) Core(TM) i7-3632QM CPU @ 2.20GHz
stepping	: 9
microcode	: 0x15
cpu MHz		: 1800.000
cache size	: 6144 KB
physical id	: 0
siblings	: 8
core id		: 3
cpu cores	: 4
apicid		: 7
initial apicid	: 7
fpu		: yes
fpu_exception	: yes
cpuid level	: 13
wp		: yes
flags		: fpu vme de pse tsc msr pae mce cx8 apic sep mtrr pge mca cmov pat pse36 clflush dts acpi mmx fxsr sse sse2 ss ht tm pbe syscall nx rdtscp lm constant_tsc arch_perfmon pebs bts rep_good nopl xtopology nonstop_tsc aperfmperf eagerfpu pni pclmulqdq dtes64 monitor ds_cpl vmx est tm2 ssse3 cx16 xtpr pdcm pcid sse4_1 sse4_2 x2apic popcnt tsc_deadline_timer aes xsave avx f16c rdrand lahf_lm ida arat epb xsaveopt pln pts dtherm tpr_shadow vnmi flexpriority ept vpid fsgsbase smep erms
bogomips	: 4390.42
clflush size	: 64
cache_alignment	: 64
address sizes	: 36 bits physical, 48 bits virtual
power management:



Memory: 4k page, physical 8029524k(1105744k free), swap 8240124k(8240124k free)

vm_info: OpenJDK 64-Bit Server VM (23.25-b01) for linux-amd64 JRE (1.6.0_30-b30), built on Feb 25 2014 23:11:33 by "buildd" with gcc 4.6.3

time: Tue Apr  1 21:12:20 2014
elapsed time: 0 seconds

